2025-07-15 15:48:51,879 | INFO | 
💡 基础信号：raw_data -> 1
2025-07-15 15:48:52,878 | INFO | 
💡 基础信号：raw_data -> 5
2025-07-15 15:48:53,885 | INFO | 
💡 基础信号：raw_data -> 1
2025-07-15 15:48:54,888 | INFO | 
💡 基础信号：raw_data -> 5
2025-07-15 15:48:55,892 | INFO | 
💡 基础信号：raw_data -> 3
2025-07-15 15:48:56,896 | INFO | 
💡 基础信号：raw_data -> 1
2025-07-15 15:49:52,652 | INFO | 
💡 基础信号：raw_data -> 4
2025-07-15 15:49:52,652 | INFO | 🟢 系统启动完成！（async）
2025-07-15 15:49:52,652 | INFO | 🔧 行为：收到原始数据 4
2025-07-15 15:49:53,072 | INFO | 🎉 事件：数据处理完成 -> 8
2025-07-15 15:49:53,667 | INFO | 
💡 基础信号：raw_data -> 4
2025-07-15 15:49:53,669 | INFO | 🔧 行为：收到原始数据 4
2025-07-15 15:49:54,092 | INFO | 🎉 事件：数据处理完成 -> 8
2025-07-15 15:49:54,671 | INFO | 
💡 基础信号：raw_data -> 2
2025-07-15 15:49:54,672 | INFO | 🔧 行为：收到原始数据 2
2025-07-15 15:49:55,092 | INFO | 🎉 事件：数据处理完成 -> 4
2025-07-15 15:49:55,671 | INFO | 
💡 基础信号：raw_data -> 6
2025-07-15 15:49:55,673 | INFO | 🔧 行为：收到原始数据 6
2025-07-15 15:49:56,093 | INFO | 🎉 事件：数据处理完成 -> 12
2025-07-15 15:49:56,687 | INFO | 
💡 基础信号：raw_data -> 5
2025-07-15 15:49:56,689 | INFO | 🔧 行为：收到原始数据 5
2025-07-15 15:49:57,106 | INFO | 🎉 事件：数据处理完成 -> 10
2025-07-15 15:49:57,700 | INFO | 
💡 基础信号：raw_data -> 9
2025-07-15 15:49:57,701 | INFO | 🔧 行为：收到原始数据 9
2025-07-15 15:49:58,122 | INFO | 🎉 事件：数据处理完成 -> 18
2025-07-15 15:49:58,717 | INFO | 
💡 基础信号：raw_data -> 3
2025-07-15 15:49:58,718 | INFO | 🔧 行为：收到原始数据 3
2025-07-15 15:49:59,138 | INFO | 🎉 事件：数据处理完成 -> 6
2025-07-15 15:49:59,731 | INFO | 
💡 基础信号：raw_data -> 2
2025-07-15 15:49:59,732 | INFO | 🔧 行为：收到原始数据 2
2025-07-15 15:50:00,156 | INFO | 🎉 事件：数据处理完成 -> 4
2025-07-15 15:50:00,750 | INFO | 
💡 基础信号：raw_data -> 7
2025-07-15 15:50:00,751 | INFO | 🔧 行为：收到原始数据 7
2025-07-15 15:50:01,172 | INFO | 🎉 事件：数据处理完成 -> 14
2025-07-15 15:50:01,765 | INFO | 
💡 基础信号：raw_data -> 8
2025-07-15 15:50:01,766 | INFO | 🔧 行为：收到原始数据 8
2025-07-15 15:50:02,184 | INFO | 🎉 事件：数据处理完成 -> 16
2025-07-15 15:50:02,778 | INFO | 
💡 基础信号：raw_data -> 6
2025-07-15 15:50:02,779 | INFO | 🔧 行为：收到原始数据 6
2025-07-15 15:50:03,199 | INFO | 🎉 事件：数据处理完成 -> 12
2025-07-15 15:50:03,792 | INFO | 
💡 基础信号：raw_data -> 2
2025-07-15 15:50:03,794 | INFO | 🔧 行为：收到原始数据 2
2025-07-15 15:50:04,216 | INFO | 🎉 事件：数据处理完成 -> 4
2025-07-15 15:50:04,797 | INFO | 
💡 基础信号：raw_data -> 7
2025-07-15 15:50:04,798 | INFO | 🔧 行为：收到原始数据 7
2025-07-15 15:50:05,218 | INFO | 🎉 事件：数据处理完成 -> 14
2025-07-15 15:50:05,811 | INFO | 
💡 基础信号：raw_data -> 4
2025-07-15 15:50:05,812 | INFO | 🔧 行为：收到原始数据 4
2025-07-15 15:50:06,231 | INFO | 🎉 事件：数据处理完成 -> 8
2025-07-15 15:50:06,824 | INFO | 
💡 基础信号：raw_data -> 6
2025-07-15 15:50:06,825 | INFO | 🔧 行为：收到原始数据 6
2025-07-15 15:50:07,248 | INFO | 🎉 事件：数据处理完成 -> 12
2025-07-15 15:50:07,842 | INFO | 
💡 基础信号：raw_data -> 6
2025-07-15 15:50:07,843 | INFO | 🔧 行为：收到原始数据 6
2025-07-15 15:50:08,265 | INFO | 🎉 事件：数据处理完成 -> 12
2025-07-15 15:50:08,858 | INFO | 
💡 基础信号：raw_data -> 8
2025-07-15 15:50:08,859 | INFO | 🔧 行为：收到原始数据 8
